<?xml version="1.0" encoding="UTF-8"?>
<coverage generated="1458039563">
  <project timestamp="1458039563">
    <package name="Znck\Cities">
      <file name="/Volumes/Znck/Workspace/workbench/packages/znck/cities/src/FileLoader.php">
        <class name="FileLoader" namespace="Znck\Cities">
          <metrics complexity="5" methods="2" coveredmethods="2" conditionals="0" coveredconditionals="0" statements="14" coveredstatements="14" elements="16" coveredelements="16"/>
        </class>
        <line num="27" type="method" name="__construct" visibility="public" complexity="1" crap="1" count="8"/>
        <line num="29" type="stmt" count="8"/>
        <line num="30" type="stmt" count="8"/>
        <line num="31" type="stmt" count="8"/>
        <line num="45" type="method" name="load" visibility="public" complexity="4" crap="4" count="8"/>
        <line num="47" type="stmt" count="8"/>
        <line num="48" type="stmt" count="8"/>
        <line num="49" type="stmt" count="8"/>
        <line num="51" type="stmt" count="8"/>
        <line num="52" type="stmt" count="6"/>
        <line num="53" type="stmt" count="1"/>
        <line num="56" type="stmt" count="5"/>
        <line num="57" type="stmt" count="3"/>
        <line num="58" type="stmt" count="1"/>
        <line num="59" type="stmt" count="2"/>
        <line num="60" type="stmt" count="2"/>
        <metrics loc="63" ncloc="39" classes="1" methods="2" coveredmethods="2" conditionals="0" coveredconditionals="0" statements="14" coveredstatements="14" elements="16" coveredelements="16"/>
      </file>
      <file name="/Volumes/Znck/Workspace/workbench/packages/znck/cities/src/Translator.php">
        <class name="Translator" namespace="Znck\Cities">
          <metrics complexity="9" methods="7" coveredmethods="7" conditionals="0" coveredconditionals="0" statements="17" coveredstatements="17" elements="24" coveredelements="24"/>
        </class>
        <line num="28" type="method" name="__construct" visibility="public" complexity="1" crap="1" count="2"/>
        <line num="30" type="stmt" count="2"/>
        <line num="31" type="stmt" count="2"/>
        <line num="32" type="stmt" count="2"/>
        <line num="41" type="method" name="isLoaded" visibility="protected" complexity="1" crap="1" count="2"/>
        <line num="43" type="stmt" count="2"/>
        <line num="51" type="method" name="parseKey" visibility="protected" complexity="1" crap="1" count="2"/>
        <line num="53" type="stmt" count="2"/>
        <line num="62" type="method" name="get" visibility="public" complexity="2" crap="2" count="2"/>
        <line num="64" type="stmt" count="2"/>
        <line num="66" type="stmt" count="2"/>
        <line num="68" type="stmt" count="2"/>
        <line num="70" type="stmt" count="2"/>
        <line num="71" type="stmt" count="2"/>
        <line num="74" type="stmt" count="1"/>
        <line num="83" type="method" name="getName" visibility="public" complexity="1" crap="1" count="1"/>
        <line num="85" type="stmt" count="1"/>
        <line num="93" type="method" name="load" visibility="protected" complexity="2" crap="2" count="2"/>
        <line num="95" type="stmt" count="2"/>
        <line num="96" type="stmt" count="1"/>
        <line num="99" type="stmt" count="2"/>
        <line num="100" type="stmt" count="2"/>
        <line num="110" type="method" name="has" visibility="protected" complexity="1" crap="1" count="2"/>
        <line num="112" type="stmt" count="2"/>
        <metrics loc="114" ncloc="62" classes="1" methods="7" coveredmethods="7" conditionals="0" coveredconditionals="0" statements="17" coveredstatements="17" elements="24" coveredelements="24"/>
      </file>
    </package>
    <metrics files="2" loc="177" ncloc="101" classes="2" methods="9" coveredmethods="9" conditionals="0" coveredconditionals="0" statements="31" coveredstatements="31" elements="40" coveredelements="40"/>
  </project>
</coverage>
